Flutter crash report.
Please report a bug at https://github.com/flutter/flutter/issues.

## command

flutter pub get

## exception

YamlException: Error on line 60, column 3: Expected ':'.
   ╷
60 │   fonts:
   │   ^
   ╵

```
#0      Scanner._staleSimpleKeys (package:yaml/src/scanner.dart:491:9)
#1      Scanner._fetchMoreTokens (package:yaml/src/scanner.dart:325:9)
#2      Scanner.peek (package:yaml/src/scanner.dart:317:27)
#3      Parser._parseBlockSequenceEntry (package:yaml/src/parser.dart:348:26)
#4      Parser._stateMachine (package:yaml/src/parser.dart:77:16)
#5      Parser.parse (package:yaml/src/parser.dart:47:19)
#6      Loader._loadSequence (package:yaml/src/loader.dart:141:23)
#7      Loader._loadNode (package:yaml/src/loader.dart:84:16)
#8      Loader._loadMapping (package:yaml/src/loader.dart:163:19)
#9      Loader._loadNode (package:yaml/src/loader.dart:86:16)
#10     Loader._loadMapping (package:yaml/src/loader.dart:163:19)
#11     Loader._loadNode (package:yaml/src/loader.dart:86:16)
#12     Loader._loadDocument (package:yaml/src/loader.dart:62:20)
#13     Loader.load (package:yaml/src/loader.dart:54:20)
#14     loadYamlDocument (package:yaml/yaml.dart:51:25)
#15     loadYamlNode (package:yaml/yaml.dart:42:5)
#16     loadYaml (package:yaml/yaml.dart:34:5)
#17     _pluginFromPackage (package:flutter_tools/src/plugins.dart:314:27)
#18     findPlugins (package:flutter_tools/src/plugins.dart:345:27)
<asynchronous suspension>
#19     injectPlugins (package:flutter_tools/src/plugins.dart:1161:38)
#20     FlutterProject.ensureReadyForPlatformSpecificTooling (package:flutter_tools/src/project.dart:263:11)
<asynchronous suspension>
#21     PackagesGetCommand.runCommand (package:flutter_tools/src/commands/packages.dart:128:23)
<asynchronous suspension>
#22     FlutterCommand.verifyThenRunCommand (package:flutter_tools/src/runner/flutter_command.dart:909:18)
#23     _rootRunUnary (dart:async/zone.dart:1198:47)
#24     _CustomZone.runUnary (dart:async/zone.dart:1100:19)
#25     _FutureListener.handleValue (dart:async/future_impl.dart:143:18)
#26     Future._propagateToListeners.handleValueCallback (dart:async/future_impl.dart:696:45)
#27     Future._propagateToListeners (dart:async/future_impl.dart:725:32)
#28     Future._completeWithValue (dart:async/future_impl.dart:529:5)
#29     Future._asyncCompleteWithValue.<anonymous closure> (dart:async/future_impl.dart:567:7)
#30     _rootRun (dart:async/zone.dart:1190:13)
#31     _CustomZone.run (dart:async/zone.dart:1093:19)
#32     _CustomZone.runGuarded (dart:async/zone.dart:997:7)
#33     _CustomZone.bindCallbackGuarded.<anonymous closure> (dart:async/zone.dart:1037:23)
#34     _microtaskLoop (dart:async/schedule_microtask.dart:41:21)
#35     _startMicrotaskLoop (dart:async/schedule_microtask.dart:50:5)
#36     _runPendingImmediateCallback (dart:isolate-patch/isolate_patch.dart:118:13)
#37     _RawReceivePortImpl._handleMessage (dart:isolate-patch/isolate_patch.dart:169:5)
```

## flutter doctor

```
[✓] Flutter (Channel beta, 1.21.0-9.2.pre, on Microsoft Windows [Version 10.0.19041.508], locale en-IN)
    • Flutter version 1.21.0-9.2.pre at C:\flutter
    • Framework revision 81a45ec2e5 (3 weeks ago), 2020-08-27 14:14:33 -0700
    • Engine revision 20a9531835
    • Dart version 2.10.0 (build 2.10.0-7.3.beta)

[!] Android toolchain - develop for Android devices (Android SDK version 29.0.3)
    • Android SDK at C:\Users\mrmay\AppData\Local\Android\sdk
    • Platform android-29, build-tools 29.0.3
    • Java binary at: C:\Program Files\Android\Android Studio1\jre\bin\java
    • Java version OpenJDK Runtime Environment (build 1.8.0_212-release-1586-b04)
    ✗ Android license status unknown.
      Run `flutter doctor --android-licenses` to accept the SDK licenses.
      See https://flutter.dev/docs/get-started/install/windows#android-setup for more details.

[✓] Chrome - develop for the web
    • Chrome at C:\Program Files (x86)\Google\Chrome\Application\chrome.exe

[✓] Android Studio (version 3.6)
    • Android Studio at C:\Program Files\Android\Android Studio1
    • Flutter plugin version 45.1.1
    • Dart plugin version 192.8052
    • Java version OpenJDK Runtime Environment (build 1.8.0_212-release-1586-b04)

[✓] VS Code (version 1.49.0)
    • VS Code at C:\Users\mrmay\AppData\Local\Programs\Microsoft VS Code
    • Flutter extension version 3.14.1

[✓] Connected device (4 available)
    • Redmi Note 7S (mobile) • 1f28de26   • android-arm64  • Android 10 (API 29)
    • Web Server (web)       • web-server • web-javascript • Flutter Tools
    • Chrome (web)           • chrome     • web-javascript • Google Chrome 85.0.4183.102
    • Edge (web)             • edge       • web-javascript • Microsoft Edge 81.0.416.88

! Doctor found issues in 1 category.
```
